C:\Program Files (x86)\Microsoft Visual Studio\2019\Community\MSBuild\Microsoft\VC\v160\Microsoft.CppBuild.targets(513,5): warning MSB8028: El directorio intermedio (Release\) contiene archivos compartidos de otro proyecto (Practica05.vcxproj). Esto puede dar lugar a un comportamiento incorrecto de limpieza y recompilación.
  41804942-4_proyectoFinsl_GPO08.cpp
D:\Documentos\Actual Semestre\CGIHC\Laboratorio\Proyecto\41804942-4_ProyectoFinalCGIHC_GPO08\41804942-4_ProyectoFinalCGIHC_GPO08\41804942-4_proyectoFinsl_GPO08.cpp(194,30): warning C4244: 'inicializando': conversión de 'double' a 'GLfloat'; posible pérdida de datos
D:\Documentos\Actual Semestre\CGIHC\Laboratorio\Proyecto\41804942-4_ProyectoFinalCGIHC_GPO08\41804942-4_ProyectoFinalCGIHC_GPO08\41804942-4_proyectoFinsl_GPO08.cpp(568,34): warning C4305: '-=': truncamiento de 'double' a 'float'
D:\Documentos\Actual Semestre\CGIHC\Laboratorio\Proyecto\41804942-4_ProyectoFinalCGIHC_GPO08\41804942-4_ProyectoFinalCGIHC_GPO08\41804942-4_proyectoFinsl_GPO08.cpp(596,35): warning C4305: '+=': truncamiento de 'double' a 'float'
D:\Documentos\Actual Semestre\CGIHC\Laboratorio\Proyecto\41804942-4_ProyectoFinalCGIHC_GPO08\41804942-4_ProyectoFinalCGIHC_GPO08\41804942-4_proyectoFinsl_GPO08.cpp(608,35): warning C4305: '-=': truncamiento de 'double' a 'float'
D:\Documentos\Actual Semestre\CGIHC\Laboratorio\Proyecto\41804942-4_ProyectoFinalCGIHC_GPO08\41804942-4_ProyectoFinalCGIHC_GPO08\41804942-4_proyectoFinsl_GPO08.cpp(643,35): warning C4305: '+=': truncamiento de 'double' a 'float'
D:\Documentos\Actual Semestre\CGIHC\Laboratorio\Proyecto\41804942-4_ProyectoFinalCGIHC_GPO08\41804942-4_ProyectoFinalCGIHC_GPO08\41804942-4_proyectoFinsl_GPO08.cpp(656,35): warning C4305: '-=': truncamiento de 'double' a 'float'
D:\Documentos\Actual Semestre\CGIHC\Laboratorio\Proyecto\41804942-4_ProyectoFinalCGIHC_GPO08\41804942-4_ProyectoFinalCGIHC_GPO08\41804942-4_proyectoFinsl_GPO08.cpp(742,19): warning C4305: '+=': truncamiento de 'double' a 'float'
D:\Documentos\Actual Semestre\CGIHC\Laboratorio\Proyecto\41804942-4_ProyectoFinalCGIHC_GPO08\41804942-4_ProyectoFinalCGIHC_GPO08\41804942-4_proyectoFinsl_GPO08.cpp(765,17): warning C4244: '=': conversión de 'double' a 'GLfloat'; posible pérdida de datos
D:\Documentos\Actual Semestre\CGIHC\Laboratorio\Proyecto\41804942-4_ProyectoFinalCGIHC_GPO08\41804942-4_ProyectoFinalCGIHC_GPO08\41804942-4_proyectoFinsl_GPO08.cpp(766,17): warning C4244: '=': conversión de 'double' a 'GLfloat'; posible pérdida de datos
D:\Documentos\Actual Semestre\CGIHC\Laboratorio\Proyecto\41804942-4_ProyectoFinalCGIHC_GPO08\41804942-4_ProyectoFinalCGIHC_GPO08\41804942-4_proyectoFinsl_GPO08.cpp(770,21): warning C4244: 'inicializando': conversión de 'double' a 'GLfloat'; posible pérdida de datos
D:\Documentos\Actual Semestre\CGIHC\Laboratorio\Proyecto\41804942-4_ProyectoFinalCGIHC_GPO08\41804942-4_ProyectoFinalCGIHC_GPO08\41804942-4_proyectoFinsl_GPO08.cpp(771,21): warning C4244: 'inicializando': conversión de 'double' a 'GLfloat'; posible pérdida de datos
D:\Documentos\Actual Semestre\CGIHC\Laboratorio\Proyecto\41804942-4_ProyectoFinalCGIHC_GPO08\41804942-4_ProyectoFinalCGIHC_GPO08\41804942-4_proyectoFinsl_GPO08.cpp(773,13): warning C4244: '=': conversión de 'double' a 'GLfloat'; posible pérdida de datos
D:\Documentos\Actual Semestre\CGIHC\Laboratorio\Proyecto\41804942-4_ProyectoFinalCGIHC_GPO08\41804942-4_ProyectoFinalCGIHC_GPO08\41804942-4_proyectoFinsl_GPO08.cpp(774,13): warning C4244: '=': conversión de 'double' a 'GLfloat'; posible pérdida de datos
soil2-debug.lib(SOIL2.obj) : warning LNK4075: se omite '/EDITANDCONTINUE' debido a la especificación '/OPT:ICF'
LINK : warning LNK4098: la biblioteca predeterminada'MSVCRTD' entra en conflicto con otras bibliotecas; use la biblioteca /NODEFAULTLIB:biblioteca
  Generando código
  610 of 622 functions (98.1%) were compiled, the rest were copied from previous compilation.
    3 functions were new in current compilation
    2 functions had inline decision re-evaluated but remain unchanged
  Generación de código finalizada
soil2-debug.lib(etc1_utils.obj) : warning LNK4099: no se encontró PDB 'soil2-debug.pdb' con 'soil2-debug.lib(etc1_utils.obj)' o en 'D:\Documentos\Actual Semestre\CGIHC\Laboratorio\Proyecto\41804942-4_ProyectoFinalCGIHC_GPO08\Release\soil2-debug.pdb'; se vinculará el objeto sin tener en cuenta información de depuración
soil2-debug.lib(image_DXT.obj) : warning LNK4099: no se encontró PDB 'soil2-debug.pdb' con 'soil2-debug.lib(image_DXT.obj)' o en 'D:\Documentos\Actual Semestre\CGIHC\Laboratorio\Proyecto\41804942-4_ProyectoFinalCGIHC_GPO08\Release\soil2-debug.pdb'; se vinculará el objeto sin tener en cuenta información de depuración
soil2-debug.lib(image_helper.obj) : warning LNK4099: no se encontró PDB 'soil2-debug.pdb' con 'soil2-debug.lib(image_helper.obj)' o en 'D:\Documentos\Actual Semestre\CGIHC\Laboratorio\Proyecto\41804942-4_ProyectoFinalCGIHC_GPO08\Release\soil2-debug.pdb'; se vinculará el objeto sin tener en cuenta información de depuración
soil2-debug.lib(SOIL2.obj) : warning LNK4099: no se encontró PDB 'soil2-debug.pdb' con 'soil2-debug.lib(SOIL2.obj)' o en 'D:\Documentos\Actual Semestre\CGIHC\Laboratorio\Proyecto\41804942-4_ProyectoFinalCGIHC_GPO08\Release\soil2-debug.pdb'; se vinculará el objeto sin tener en cuenta información de depuración
  41804942-4_ProyectoFinalCGIHC_GPO08.vcxproj -> D:\Documentos\Actual Semestre\CGIHC\Laboratorio\Proyecto\41804942-4_ProyectoFinalCGIHC_GPO08\Release\41804942-4_ProyectoFinalCGIHC_GPO08.exe
